DEBUG:matplotlib.pyplot:Loaded backend qtagg version 5.15.10.
DEBUG:__main__:pyannote/speaker-diarization-3.1 ...  
DEBUG:urllib3.connectionpool:Starting new HTTPS connection (1): huggingface.co:443
DEBUG:urllib3.connectionpool:https://huggingface.co:443 "HEAD /pyannote/speaker-diarization-3.1/resolve/main/config.yaml HTTP/11" 401 0
DEBUG:speechbrain.utils.checkpoints:Registered checkpoint save hook for _speechbrain_save
DEBUG:speechbrain.utils.checkpoints:Registered checkpoint load hook for _speechbrain_load
DEBUG:speechbrain.utils.checkpoints:Registered checkpoint save hook for save
DEBUG:speechbrain.utils.checkpoints:Registered checkpoint load hook for load
INFO:speechbrain.utils.quirks:Applied quirks (see `speechbrain.utils.quirks`): [allow_tf32, disable_jit_profiling]
INFO:speechbrain.utils.quirks:Excluded quirks specified by the `SB_DISABLE_QUIRKS` environment (comma-separated list): []
DEBUG:speechbrain.utils.checkpoints:Registered checkpoint save hook for _save
DEBUG:speechbrain.utils.checkpoints:Registered checkpoint load hook for _recover
DEBUG:urllib3.connectionpool:https://huggingface.co:443 "HEAD /pyannote/segmentation-3.0/resolve/main/pytorch_model.bin HTTP/11" 401 0
DEBUG:urllib3.connectionpool:https://huggingface.co:443 "HEAD /pyannote/segmentation-3.0/resolve/main/config.yaml HTTP/11" 401 0
DEBUG:fsspec.local:open file: C:/Users/daniel/.cache/torch/pyannote/models--pyannote--segmentation-3.0/snapshots/e66f3d3b9eb0873085418a7b813d3b369bf160bb/pytorch_model.bin
DEBUG:fsspec.local:open file: C:/Users/daniel/.cache/torch/pyannote/models--pyannote--segmentation-3.0/snapshots/e66f3d3b9eb0873085418a7b813d3b369bf160bb/pytorch_model.bin
DEBUG:urllib3.connectionpool:https://huggingface.co:443 "HEAD /pyannote/wespeaker-voxceleb-resnet34-LM/resolve/main/pytorch_model.bin HTTP/11" 302 0
DEBUG:urllib3.connectionpool:https://huggingface.co:443 "HEAD /pyannote/wespeaker-voxceleb-resnet34-LM/resolve/main/config.yaml HTTP/11" 200 0
DEBUG:fsspec.local:open file: C:/Users/daniel/.cache/torch/pyannote/models--pyannote--wespeaker-voxceleb-resnet34-LM/snapshots/837717ddb9ff5507820346191109dc79c958d614/pytorch_model.bin
DEBUG:fsspec.local:open file: C:/Users/daniel/.cache/torch/pyannote/models--pyannote--wespeaker-voxceleb-resnet34-LM/snapshots/837717ddb9ff5507820346191109dc79c958d614/pytorch_model.bin
INFO:__main__:INICIO de la diarización del audio ./data/media/112_Accesibilidad_de_las_imagenes_en_textos_digitales.wav ...
INFO:__main__:start=5.9s stop=11.8s speaker_SPEAKER_00
INFO:__main__:start=12.8s stop=16.5s speaker_SPEAKER_00
INFO:__main__:start=17.8s stop=23.2s speaker_SPEAKER_00
INFO:__main__:start=24.5s stop=33.6s speaker_SPEAKER_00
INFO:__main__:start=34.7s stop=37.2s speaker_SPEAKER_00
INFO:__main__:start=37.6s stop=40.0s speaker_SPEAKER_00
INFO:__main__:start=41.2s stop=47.1s speaker_SPEAKER_00
INFO:__main__:start=48.6s stop=49.6s speaker_SPEAKER_00
INFO:__main__:start=50.2s stop=52.2s speaker_SPEAKER_00
INFO:__main__:start=52.7s stop=58.0s speaker_SPEAKER_00
INFO:__main__:start=59.4s stop=62.0s speaker_SPEAKER_00
INFO:__main__:start=62.5s stop=66.5s speaker_SPEAKER_00
INFO:__main__:start=67.8s stop=68.9s speaker_SPEAKER_00
INFO:__main__:start=69.8s stop=75.1s speaker_SPEAKER_00
INFO:__main__:start=76.1s stop=79.5s speaker_SPEAKER_00
INFO:__main__:start=80.0s stop=82.4s speaker_SPEAKER_00
INFO:__main__:start=83.3s stop=86.5s speaker_SPEAKER_00
INFO:__main__:start=86.8s stop=88.5s speaker_SPEAKER_00
INFO:__main__:start=89.7s stop=92.2s speaker_SPEAKER_00
INFO:__main__:start=92.8s stop=94.2s speaker_SPEAKER_00
INFO:__main__:start=94.9s stop=96.5s speaker_SPEAKER_00
INFO:__main__:start=96.6s stop=99.8s speaker_SPEAKER_00
INFO:__main__:start=100.4s stop=101.9s speaker_SPEAKER_00
INFO:__main__:start=102.4s stop=103.7s speaker_SPEAKER_00
INFO:__main__:start=104.0s stop=109.0s speaker_SPEAKER_00
INFO:__main__:start=109.8s stop=114.9s speaker_SPEAKER_00
INFO:__main__:start=116.2s stop=121.2s speaker_SPEAKER_00
INFO:__main__:start=121.8s stop=124.0s speaker_SPEAKER_00
INFO:__main__:start=125.3s stop=129.5s speaker_SPEAKER_00
INFO:__main__:start=130.2s stop=137.5s speaker_SPEAKER_00
INFO:__main__:start=138.7s stop=144.0s speaker_SPEAKER_00
INFO:__main__:start=146.8s stop=149.3s speaker_SPEAKER_00
INFO:__main__:start=149.4s stop=150.3s speaker_SPEAKER_00
INFO:__main__:start=151.7s stop=158.2s speaker_SPEAKER_00
INFO:__main__:start=159.5s stop=164.3s speaker_SPEAKER_00
INFO:__main__:start=165.3s stop=167.9s speaker_SPEAKER_00
INFO:__main__:start=169.2s stop=172.8s speaker_SPEAKER_00
INFO:__main__:start=173.3s stop=178.4s speaker_SPEAKER_00
INFO:__main__:start=179.5s stop=189.4s speaker_SPEAKER_00
INFO:__main__:start=190.3s stop=195.4s speaker_SPEAKER_00
INFO:__main__:start=197.1s stop=200.6s speaker_SPEAKER_00
INFO:__main__:start=201.3s stop=202.2s speaker_SPEAKER_00
INFO:__main__:start=203.1s stop=204.9s speaker_SPEAKER_00
INFO:__main__:start=205.5s stop=208.0s speaker_SPEAKER_00
INFO:__main__:start=209.2s stop=209.7s speaker_SPEAKER_00
INFO:__main__:start=210.4s stop=215.4s speaker_SPEAKER_00
INFO:__main__:start=216.8s stop=220.5s speaker_SPEAKER_00
INFO:__main__:start=221.6s stop=223.4s speaker_SPEAKER_00
INFO:__main__:start=223.6s stop=229.3s speaker_SPEAKER_00
INFO:__main__:start=233.3s stop=237.4s speaker_SPEAKER_00
INFO:__main__:start=238.3s stop=239.6s speaker_SPEAKER_00
INFO:__main__:start=240.3s stop=249.1s speaker_SPEAKER_00
INFO:__main__:start=249.9s stop=258.1s speaker_SPEAKER_00
INFO:__main__:start=260.6s stop=261.2s speaker_SPEAKER_00
INFO:__main__:start=262.0s stop=266.9s speaker_SPEAKER_00
INFO:__main__:start=268.0s stop=272.1s speaker_SPEAKER_00
INFO:__main__:start=272.7s stop=273.3s speaker_SPEAKER_00
INFO:__main__:start=275.0s stop=280.7s speaker_SPEAKER_00
INFO:__main__:start=281.7s stop=285.3s speaker_SPEAKER_00
INFO:__main__:start=286.5s stop=287.2s speaker_SPEAKER_00
INFO:__main__:start=287.8s stop=289.7s speaker_SPEAKER_00
INFO:__main__:start=290.9s stop=297.8s speaker_SPEAKER_00
INFO:__main__:start=299.4s stop=301.2s speaker_SPEAKER_00
INFO:__main__:start=301.9s stop=302.8s speaker_SPEAKER_00
INFO:__main__:start=303.2s stop=305.9s speaker_SPEAKER_00
INFO:__main__:start=306.1s stop=307.4s speaker_SPEAKER_00
INFO:__main__:start=307.7s stop=308.6s speaker_SPEAKER_00
INFO:__main__:start=309.8s stop=316.3s speaker_SPEAKER_00
INFO:__main__:start=317.7s stop=323.3s speaker_SPEAKER_00
INFO:__main__:start=324.6s stop=338.9s speaker_SPEAKER_00
INFO:__main__:start=340.3s stop=348.0s speaker_SPEAKER_00
INFO:__main__:start=349.0s stop=351.8s speaker_SPEAKER_00
INFO:__main__:FIN de la diarización del audio ./data/media/112_Accesibilidad_de_las_imagenes_en_textos_digitales.wav ...
INFO:__main__:INICIO de la diarización del audio ./data/media/Aplicaciones de la I.A. para profundizar en el conocimiento en problemas mentales.wav ...
